<?xml version="1.0" encoding="UTF-8"?>
<testsuite xmlns:xsi="http://www.w3.org/2001/XMLSchema-instance" xsi:noNamespaceSchemaLocation="https://maven.apache.org/surefire/maven-surefire-plugin/xsd/surefire-test-report.xsd" name="net.rikkido.AppTest" time="0.035" tests="1" errors="0" skipped="0" failures="0">
  <properties>
    <property name="java.specification.version" value="17"/>
    <property name="sun.cpu.isalist" value="amd64"/>
    <property name="sun.jnu.encoding" value="MS932"/>
    <property name="java.class.path" value="c:\Users\masay\source\repos\spigotPlugins\ziplines\target\test-classes;c:\Users\masay\source\repos\spigotPlugins\ziplines\target\classes;C:\Users\masay\.m2\repository\io\papermc\paper\paper-api\1.18.1-R0.1-SNAPSHOT\paper-api-1.18.1-R0.1-SNAPSHOT.jar;C:\Users\masay\.m2\repository\commons-lang\commons-lang\2.6\commons-lang-2.6.jar;C:\Users\masay\.m2\repository\com\google\guava\guava\31.0.1-jre\guava-31.0.1-jre.jar;C:\Users\masay\.m2\repository\com\google\guava\failureaccess\1.0.1\failureaccess-1.0.1.jar;C:\Users\masay\.m2\repository\com\google\guava\listenablefuture\9999.0-empty-to-avoid-conflict-with-guava\listenablefuture-9999.0-empty-to-avoid-conflict-with-guava.jar;C:\Users\masay\.m2\repository\com\google\code\findbugs\jsr305\3.0.2\jsr305-3.0.2.jar;C:\Users\masay\.m2\repository\com\google\errorprone\error_prone_annotations\2.7.1\error_prone_annotations-2.7.1.jar;C:\Users\masay\.m2\repository\com\google\j2objc\j2objc-annotations\1.3\j2objc-annotations-1.3.jar;C:\Users\masay\.m2\repository\com\google\code\gson\gson\2.8.8\gson-2.8.8.jar;C:\Users\masay\.m2\repository\net\md-5\bungeecord-chat\1.16-R0.4\bungeecord-chat-1.16-R0.4.jar;C:\Users\masay\.m2\repository\org\yaml\snakeyaml\1.30\snakeyaml-1.30.jar;C:\Users\masay\.m2\repository\com\googlecode\json-simple\json-simple\1.1.1\json-simple-1.1.1.jar;C:\Users\masay\.m2\repository\it\unimi\dsi\fastutil\8.5.6\fastutil-8.5.6.jar;C:\Users\masay\.m2\repository\org\apache\logging\log4j\log4j-api\2.17.0\log4j-api-2.17.0.jar;C:\Users\masay\.m2\repository\org\slf4j\slf4j-api\1.8.0-beta4\slf4j-api-1.8.0-beta4.jar;C:\Users\masay\.m2\repository\net\kyori\adventure-api\4.9.3\adventure-api-4.9.3.jar;C:\Users\masay\.m2\repository\net\kyori\adventure-key\4.9.3\adventure-key-4.9.3.jar;C:\Users\masay\.m2\repository\net\kyori\examination-api\1.3.0\examination-api-1.3.0.jar;C:\Users\masay\.m2\repository\net\kyori\examination-string\1.3.0\examination-string-1.3.0.jar;C:\Users\masay\.m2\repository\org\jetbrains\annotations\22.0.0\annotations-22.0.0.jar;C:\Users\masay\.m2\repository\net\kyori\adventure-text-serializer-gson\4.9.3\adventure-text-serializer-gson-4.9.3.jar;C:\Users\masay\.m2\repository\net\kyori\adventure-text-serializer-legacy\4.9.3\adventure-text-serializer-legacy-4.9.3.jar;C:\Users\masay\.m2\repository\net\kyori\adventure-text-serializer-plain\4.9.3\adventure-text-serializer-plain-4.9.3.jar;C:\Users\masay\.m2\repository\org\checkerframework\checker-qual\3.21.0\checker-qual-3.21.0.jar;C:\Users\masay\.m2\repository\org\ow2\asm\asm\9.2\asm-9.2.jar;C:\Users\masay\.m2\repository\org\ow2\asm\asm-commons\9.2\asm-commons-9.2.jar;C:\Users\masay\.m2\repository\org\ow2\asm\asm-tree\9.2\asm-tree-9.2.jar;C:\Users\masay\.m2\repository\org\ow2\asm\asm-analysis\9.2\asm-analysis-9.2.jar;C:\Users\masay\.m2\repository\junit\junit\4.11\junit-4.11.jar;C:\Users\masay\.m2\repository\org\hamcrest\hamcrest-core\1.3\hamcrest-core-1.3.jar;"/>
    <property name="java.vm.vendor" value="Microsoft"/>
    <property name="sun.arch.data.model" value="64"/>
    <property name="user.variant" value=""/>
    <property name="java.vendor.url" value="https://www.microsoft.com"/>
    <property name="user.timezone" value="Asia/Tokyo"/>
    <property name="os.name" value="Windows 10"/>
    <property name="java.vm.specification.version" value="17"/>
    <property name="sun.java.launcher" value="SUN_STANDARD"/>
    <property name="user.country" value="JP"/>
    <property name="sun.boot.library.path" value="C:\Program Files\Microsoft\jdk-17.0.1.12-hotspot\bin"/>
    <property name="sun.java.command" value="C:\Users\masay\AppData\Local\Temp\surefire14752299669271785294\surefirebooter11114317433396349434.jar C:\Users\masay\AppData\Local\Temp\surefire14752299669271785294 2021-12-31T03-23-01_053-jvmRun1 surefire5005542896439429512tmp surefire_018156180077316145145tmp"/>
    <property name="jdk.debug" value="release"/>
    <property name="surefire.test.class.path" value="c:\Users\masay\source\repos\spigotPlugins\ziplines\target\test-classes;c:\Users\masay\source\repos\spigotPlugins\ziplines\target\classes;C:\Users\masay\.m2\repository\io\papermc\paper\paper-api\1.18.1-R0.1-SNAPSHOT\paper-api-1.18.1-R0.1-SNAPSHOT.jar;C:\Users\masay\.m2\repository\commons-lang\commons-lang\2.6\commons-lang-2.6.jar;C:\Users\masay\.m2\repository\com\google\guava\guava\31.0.1-jre\guava-31.0.1-jre.jar;C:\Users\masay\.m2\repository\com\google\guava\failureaccess\1.0.1\failureaccess-1.0.1.jar;C:\Users\masay\.m2\repository\com\google\guava\listenablefuture\9999.0-empty-to-avoid-conflict-with-guava\listenablefuture-9999.0-empty-to-avoid-conflict-with-guava.jar;C:\Users\masay\.m2\repository\com\google\code\findbugs\jsr305\3.0.2\jsr305-3.0.2.jar;C:\Users\masay\.m2\repository\com\google\errorprone\error_prone_annotations\2.7.1\error_prone_annotations-2.7.1.jar;C:\Users\masay\.m2\repository\com\google\j2objc\j2objc-annotations\1.3\j2objc-annotations-1.3.jar;C:\Users\masay\.m2\repository\com\google\code\gson\gson\2.8.8\gson-2.8.8.jar;C:\Users\masay\.m2\repository\net\md-5\bungeecord-chat\1.16-R0.4\bungeecord-chat-1.16-R0.4.jar;C:\Users\masay\.m2\repository\org\yaml\snakeyaml\1.30\snakeyaml-1.30.jar;C:\Users\masay\.m2\repository\com\googlecode\json-simple\json-simple\1.1.1\json-simple-1.1.1.jar;C:\Users\masay\.m2\repository\it\unimi\dsi\fastutil\8.5.6\fastutil-8.5.6.jar;C:\Users\masay\.m2\repository\org\apache\logging\log4j\log4j-api\2.17.0\log4j-api-2.17.0.jar;C:\Users\masay\.m2\repository\org\slf4j\slf4j-api\1.8.0-beta4\slf4j-api-1.8.0-beta4.jar;C:\Users\masay\.m2\repository\net\kyori\adventure-api\4.9.3\adventure-api-4.9.3.jar;C:\Users\masay\.m2\repository\net\kyori\adventure-key\4.9.3\adventure-key-4.9.3.jar;C:\Users\masay\.m2\repository\net\kyori\examination-api\1.3.0\examination-api-1.3.0.jar;C:\Users\masay\.m2\repository\net\kyori\examination-string\1.3.0\examination-string-1.3.0.jar;C:\Users\masay\.m2\repository\org\jetbrains\annotations\22.0.0\annotations-22.0.0.jar;C:\Users\masay\.m2\repository\net\kyori\adventure-text-serializer-gson\4.9.3\adventure-text-serializer-gson-4.9.3.jar;C:\Users\masay\.m2\repository\net\kyori\adventure-text-serializer-legacy\4.9.3\adventure-text-serializer-legacy-4.9.3.jar;C:\Users\masay\.m2\repository\net\kyori\adventure-text-serializer-plain\4.9.3\adventure-text-serializer-plain-4.9.3.jar;C:\Users\masay\.m2\repository\org\checkerframework\checker-qual\3.21.0\checker-qual-3.21.0.jar;C:\Users\masay\.m2\repository\org\ow2\asm\asm\9.2\asm-9.2.jar;C:\Users\masay\.m2\repository\org\ow2\asm\asm-commons\9.2\asm-commons-9.2.jar;C:\Users\masay\.m2\repository\org\ow2\asm\asm-tree\9.2\asm-tree-9.2.jar;C:\Users\masay\.m2\repository\org\ow2\asm\asm-analysis\9.2\asm-analysis-9.2.jar;C:\Users\masay\.m2\repository\junit\junit\4.11\junit-4.11.jar;C:\Users\masay\.m2\repository\org\hamcrest\hamcrest-core\1.3\hamcrest-core-1.3.jar;"/>
    <property name="sun.cpu.endian" value="little"/>
    <property name="user.home" value="C:\Users\masay"/>
    <property name="user.language" value="ja"/>
    <property name="java.specification.vendor" value="Oracle Corporation"/>
    <property name="java.version.date" value="2021-10-19"/>
    <property name="java.home" value="C:\Program Files\Microsoft\jdk-17.0.1.12-hotspot"/>
    <property name="file.separator" value="\"/>
    <property name="basedir" value="c:\Users\masay\source\repos\spigotPlugins\ziplines"/>
    <property name="java.vm.compressedOopsMode" value="Zero based"/>
    <property name="line.separator" value="&#10;"/>
    <property name="java.vm.specification.vendor" value="Oracle Corporation"/>
    <property name="java.specification.name" value="Java Platform API Specification"/>
    <property name="surefire.real.class.path" value="C:\Users\masay\AppData\Local\Temp\surefire14752299669271785294\surefirebooter11114317433396349434.jar"/>
    <property name="user.script" value=""/>
    <property name="sun.management.compiler" value="HotSpot 64-Bit Tiered Compilers"/>
    <property name="java.runtime.version" value="17.0.1+12-LTS"/>
    <property name="user.name" value="masay"/>
    <property name="path.separator" value=";"/>
    <property name="os.version" value="10.0"/>
    <property name="java.runtime.name" value="OpenJDK Runtime Environment"/>
    <property name="file.encoding" value="MS932"/>
    <property name="java.vm.name" value="OpenJDK 64-Bit Server VM"/>
    <property name="java.vendor.version" value="Microsoft-28056"/>
    <property name="localRepository" value="C:\Users\masay\.m2\repository"/>
    <property name="java.vendor.url.bug" value="https://github.com/microsoft/openjdk/issues"/>
    <property name="java.io.tmpdir" value="C:\Users\masay\AppData\Local\Temp\"/>
    <property name="java.version" value="17.0.1"/>
    <property name="user.dir" value="c:\Users\masay\source\repos\spigotPlugins\ziplines"/>
    <property name="os.arch" value="amd64"/>
    <property name="java.vm.specification.name" value="Java Virtual Machine Specification"/>
    <property name="sun.os.patch.level" value=""/>
    <property name="native.encoding" value="MS932"/>
    <property name="java.library.path" value="C:\Program Files\Microsoft\jdk-17.0.1.12-hotspot\bin;C:\Windows\Sun\Java\bin;C:\Windows\system32;C:\Windows;C:\Program Files\Microsoft\jdk-17.0.1.12-hotspot\bin;C:\Windows\system32;C:\Windows;C:\Windows\System32\Wbem;C:\Windows\System32\WindowsPowerShell\v1.0\;C:\Windows\System32\OpenSSH\;C:\Program Files\Microsoft SQL Server\130\Tools\Binn\;C:\Program Files\Microsoft SQL Server\Client SDK\ODBC\170\Tools\Binn\;C:\Program Files\NVIDIA Corporation\NVIDIA NvDLISR;C:\Program Files (x86)\NVIDIA Corporation\PhysX\Common;C:\Program Files\dotnet\;C:\Program Files\Docker\Docker\resources\bin;C:\ProgramData\DockerDesktop\version-bin;C:\Program Files\ffmpeg-4.4.1-full_build\bin;C:\Program Files\maven\bin;C:\Users\masay\AppData\Local\Microsoft\WindowsApps;C:\Users\masay\AppData\Local\Programs\Microsoft VS Code\bin;C:\Users\masay\.dotnet\tools;."/>
    <property name="java.vm.info" value="mixed mode, sharing"/>
    <property name="java.vendor" value="Microsoft"/>
    <property name="java.vm.version" value="17.0.1+12-LTS"/>
    <property name="sun.io.unicode.encoding" value="UnicodeLittle"/>
    <property name="java.class.version" value="61.0"/>
  </properties>
  <testcase name="shouldAnswerWithTrue" classname="net.rikkido.AppTest" time="0.002"/>
</testsuite>